0 info it worked if it ends with ok
1 verbose cli [ '/usr/local/bin/node',
1 verbose cli   '/usr/local/bin/npm',
1 verbose cli   'run',
1 verbose cli   'development' ]
2 info using npm@3.9.5
3 info using node@v4.4.5
4 verbose run-script [ 'predevelopment', 'development', 'postdevelopment' ]
5 info lifecycle webpack-hmr@1.0.0~predevelopment: webpack-hmr@1.0.0
6 silly lifecycle webpack-hmr@1.0.0~predevelopment: no script for predevelopment, continuing
7 info lifecycle webpack-hmr@1.0.0~development: webpack-hmr@1.0.0
8 verbose lifecycle webpack-hmr@1.0.0~development: unsafe-perm in lifecycle true
9 verbose lifecycle webpack-hmr@1.0.0~development: PATH: /usr/local/lib/node_modules/npm/bin/node-gyp-bin:/Users/Illusion/Desktop/mutualism/application/node_modules/.bin:/usr/local/bin:/usr/local/Cellar/mongodb//3.2.6/bin:/usr/local/bin:/usr/bin:/bin:/usr/sbin:/sbin:/usr/local/git/bin
10 verbose lifecycle webpack-hmr@1.0.0~development: CWD: /Users/Illusion/Desktop/mutualism/application
11 silly lifecycle webpack-hmr@1.0.0~development: Args: [ '-c', 'webpack-dev-server --host 0.0.0.0' ]
12 silly lifecycle webpack-hmr@1.0.0~development: Returned: code: 1  signal: null
13 info lifecycle webpack-hmr@1.0.0~development: Failed to exec development script
14 verbose stack Error: webpack-hmr@1.0.0 development: `webpack-dev-server --host 0.0.0.0`
14 verbose stack Exit status 1
14 verbose stack     at EventEmitter.<anonymous> (/usr/local/lib/node_modules/npm/lib/utils/lifecycle.js:245:16)
14 verbose stack     at emitTwo (events.js:87:13)
14 verbose stack     at EventEmitter.emit (events.js:172:7)
14 verbose stack     at ChildProcess.<anonymous> (/usr/local/lib/node_modules/npm/lib/utils/spawn.js:24:14)
14 verbose stack     at emitTwo (events.js:87:13)
14 verbose stack     at ChildProcess.emit (events.js:172:7)
14 verbose stack     at maybeClose (internal/child_process.js:827:16)
14 verbose stack     at Process.ChildProcess._handle.onexit (internal/child_process.js:211:5)
15 verbose pkgid webpack-hmr@1.0.0
16 verbose cwd /Users/Illusion/Desktop/mutualism/application
17 error Darwin 14.5.0
18 error argv "/usr/local/bin/node" "/usr/local/bin/npm" "run" "development"
19 error node v4.4.5
20 error npm  v3.9.5
21 error code ELIFECYCLE
22 error webpack-hmr@1.0.0 development: `webpack-dev-server --host 0.0.0.0`
22 error Exit status 1
23 error Failed at the webpack-hmr@1.0.0 development script 'webpack-dev-server --host 0.0.0.0'.
23 error Make sure you have the latest version of node.js and npm installed.
23 error If you do, this is most likely a problem with the webpack-hmr package,
23 error not with npm itself.
23 error Tell the author that this fails on your system:
23 error     webpack-dev-server --host 0.0.0.0
23 error You can get information on how to open an issue for this project with:
23 error     npm bugs webpack-hmr
23 error Or if that isn't available, you can get their info via:
23 error     npm owner ls webpack-hmr
23 error There is likely additional logging output above.
24 verbose exit [ 1, true ]
